<?xml version="1.0" encoding="UTF-8"?>
<testng-results ignored="2" total="3" passed="1" failed="0" skipped="0">
  <reporter-output>
  </reporter-output>
  <suite started-at="2023-06-08T12:32:34 BDT" name="Default suite" finished-at="2023-06-08T12:32:47 BDT" duration-ms="13540">
    <groups>
    </groups>
    <test started-at="2023-06-08T12:32:34 BDT" name="Default test" finished-at="2023-06-08T12:32:47 BDT" duration-ms="13540">
      <class name="newproject_2.TestCase_1">
        <test-method is-config="true" signature="setDriver()[pri:0, instance:newproject_2.TestCase_1@37d4349f]" started-at="2023-06-08T12:32:30 BDT" name="setDriver" finished-at="2023-06-08T12:32:34 BDT" duration-ms="3312" status="PASS">
          <reporter-output>
          </reporter-output>
        </test-method> <!-- setDriver -->
        <test-method signature="handleBrowserWindow()[pri:0, instance:newproject_2.TestCase_1@37d4349f]" started-at="2023-06-08T12:32:34 BDT" name="handleBrowserWindow" finished-at="2023-06-08T12:32:47 BDT" duration-ms="13458" status="PASS">
          <reporter-output>
          </reporter-output>
        </test-method> <!-- handleBrowserWindow -->
        <test-method is-config="true" signature="closeDriver()[pri:0, instance:newproject_2.TestCase_1@37d4349f]" started-at="2023-06-08T12:32:47 BDT" name="closeDriver" finished-at="2023-06-08T12:32:48 BDT" duration-ms="534" status="PASS">
          <reporter-output>
          </reporter-output>
        </test-method> <!-- closeDriver -->
      </class> <!-- newproject_2.TestCase_1 -->
    </test> <!-- Default test -->
  </suite> <!-- Default suite -->
</testng-results>
