<?xml version="1.0" encoding="UTF-8"?>
<!-- Generated by org.testng.reporters.JUnitXMLReporter -->
<testsuite ignored="2" hostname="DESKTOP-9JQFQJH" failures="0" tests="1" name="Default test" time="13.54" errors="0" timestamp="2023-06-08T12:32:47 BDT">
  <testcase classname="newproject_2.TestCase_1" name="handleBrowserWindow" time="13.458"/>
  <testcase classname="newproject_2.TestCase_1" name="BrowserWindow" time="0.0">
    <ignored/>
  </testcase> <!-- BrowserWindow -->
  <testcase classname="newproject_2.TestCase_1" name="nevigateToAPage" time="0.0">
    <ignored/>
  </testcase> <!-- nevigateToAPage -->
</testsuite> <!-- Default test -->
